# JRE version: OpenJDK Runtime Environment (8.0_242-b08) (build 1.8.0_242-8u242-b08-0ubuntu3~16.04-b08)
# Java VM: OpenJDK 64-Bit Server VM (25.242-b08 mixed mode linux-amd64 compressed oops)
Heap:
 PSYoungGen      total 629248K, used 0K [0x00000000d7100000, 0x0000000100000000, 0x0000000100000000)
  eden space 601088K, 0% used [0x00000000d7100000,0x00000000d7100000,0x00000000fbc00000)
  from space 28160K, 0% used [0x00000000fe480000,0x00000000fe480000,0x0000000100000000)
  to   space 34816K, 0% used [0x00000000fbc00000,0x00000000fbc00000,0x00000000fde00000)
 ParOldGen       total 118784K, used 76385K [0x0000000085200000, 0x000000008c600000, 0x00000000d7100000)
  object space 118784K, 64% used [0x0000000085200000,0x0000000089c98490,0x000000008c600000)
 Metaspace       used 43328K, capacity 45658K, committed 45992K, reserved 1089536K
  class space    used 4896K, capacity 5545K, committed 5552K, reserved 1048576K
GC Heap History (10 events):
Event: 17,957 GC heap after
Heap after GC invocations=20 (full 2):
 PSYoungGen      total 549376K, used 16192K [0x00000000d7100000, 0x00000000fa800000, 0x0000000100000000)
  eden space 531456K, 0% used [0x00000000d7100000,0x00000000d7100000,0x00000000f7800000)
  from space 17920K, 90% used [0x00000000f9680000,0x00000000fa650020,0x00000000fa800000)
  to   space 24576K, 0% used [0x00000000f7800000,0x00000000f7800000,0x00000000f9000000)
 ParOldGen       total 118784K, used 47312K [0x0000000085200000, 0x000000008c600000, 0x00000000d7100000)
  object space 118784K, 39% used [0x0000000085200000,0x0000000088034288,0x000000008c600000)
 Metaspace       used 34343K, capacity 36604K, committed 36776K, reserved 1081344K
  class space    used 3829K, capacity 4437K, committed 4528K, reserved 1048576K
}
Event: 19,679 GC heap before
{Heap before GC invocations=21 (full 2):
 PSYoungGen      total 549376K, used 547648K [0x00000000d7100000, 0x00000000fa800000, 0x0000000100000000)
  eden space 531456K, 100% used [0x00000000d7100000,0x00000000f7800000,0x00000000f7800000)
  from space 17920K, 90% used [0x00000000f9680000,0x00000000fa650020,0x00000000fa800000)
  to   space 24576K, 0% used [0x00000000f7800000,0x00000000f7800000,0x00000000f9000000)
 ParOldGen       total 118784K, used 47312K [0x0000000085200000, 0x000000008c600000, 0x00000000d7100000)
  object space 118784K, 39% used [0x0000000085200000,0x0000000088034288,0x000000008c600000)
 Metaspace       used 34349K, capacity 36604K, committed 36776K, reserved 1081344K
  class space    used 3829K, capacity 4437K, committed 4528K, reserved 1048576K
Event: 19,755 GC heap after
Heap after GC invocations=21 (full 2):
 PSYoungGen      total 556032K, used 18252K [0x00000000d7100000, 0x0000000100000000, 0x0000000100000000)
  eden space 531456K, 0% used [0x00000000d7100000,0x00000000d7100000,0x00000000f7800000)
  from space 24576K, 74% used [0x00000000f7800000,0x00000000f89d3148,0x00000000f9000000)
  to   space 24576K, 0% used [0x00000000fe800000,0x00000000fe800000,0x0000000100000000)
 ParOldGen       total 118784K, used 47884K [0x0000000085200000, 0x000000008c600000, 0x00000000d7100000)
  object space 118784K, 40% used [0x0000000085200000,0x00000000880c3030,0x000000008c600000)
 Metaspace       used 34349K, capacity 36604K, committed 36776K, reserved 1081344K
  class space    used 3829K, capacity 4437K, committed 4528K, reserved 1048576K
}
Event: 25,308 GC heap before
{Heap before GC invocations=22 (full 2):
 PSYoungGen      total 556032K, used 549708K [0x00000000d7100000, 0x0000000100000000, 0x0000000100000000)
  eden space 531456K, 100% used [0x00000000d7100000,0x00000000f7800000,0x00000000f7800000)
  from space 24576K, 74% used [0x00000000f7800000,0x00000000f89d3148,0x00000000f9000000)
  to   space 24576K, 0% used [0x00000000fe800000,0x00000000fe800000,0x0000000100000000)
 ParOldGen       total 118784K, used 47884K [0x0000000085200000, 0x000000008c600000, 0x00000000d7100000)
  object space 118784K, 40% used [0x0000000085200000,0x00000000880c3030,0x000000008c600000)
 Metaspace       used 37487K, capacity 39828K, committed 40232K, reserved 1085440K
  class space    used 4153K, capacity 4802K, committed 4912K, reserved 1048576K
Event: 25,333 GC heap after
Heap after GC invocations=22 (full 2):
 PSYoungGen      total 638976K, used 24552K [0x00000000d7100000, 0x0000000100000000, 0x0000000100000000)
  eden space 614400K, 0% used [0x00000000d7100000,0x00000000d7100000,0x00000000fc900000)
  from space 24576K, 99% used [0x00000000fe800000,0x00000000ffffa340,0x0000000100000000)
  to   space 28160K, 0% used [0x00000000fc900000,0x00000000fc900000,0x00000000fe480000)
 ParOldGen       total 118784K, used 49474K [0x0000000085200000, 0x000000008c600000, 0x00000000d7100000)
  object space 118784K, 41% used [0x0000000085200000,0x0000000088250870,0x000000008c600000)
 Metaspace       used 37487K, capacity 39828K, committed 40232K, reserved 1085440K
  class space    used 4153K, capacity 4802K, committed 4912K, reserved 1048576K
}
Event: 31,215 GC heap before
{Heap before GC invocations=23 (full 2):
 PSYoungGen      total 638976K, used 638952K [0x00000000d7100000, 0x0000000100000000, 0x0000000100000000)
  eden space 614400K, 100% used [0x00000000d7100000,0x00000000fc900000,0x00000000fc900000)
  from space 24576K, 99% used [0x00000000fe800000,0x00000000ffffa340,0x0000000100000000)
  to   space 28160K, 0% used [0x00000000fc900000,0x00000000fc900000,0x00000000fe480000)
 ParOldGen       total 118784K, used 49474K [0x0000000085200000, 0x000000008c600000, 0x00000000d7100000)
  object space 118784K, 41% used [0x0000000085200000,0x0000000088250870,0x000000008c600000)
 Metaspace       used 42908K, capacity 45262K, committed 45480K, reserved 1089536K
  class space    used 4854K, capacity 5479K, committed 5552K, reserved 1048576K
Event: 31,256 GC heap after
Heap after GC invocations=23 (full 2):
 PSYoungGen      total 642560K, used 28150K [0x00000000d7100000, 0x0000000100000000, 0x0000000100000000)
  eden space 614400K, 0% used [0x00000000d7100000,0x00000000d7100000,0x00000000fc900000)
  from space 28160K, 99% used [0x00000000fc900000,0x00000000fe47d878,0x00000000fe480000)
  to   space 28160K, 0% used [0x00000000fe480000,0x00000000fe480000,0x0000000100000000)
 ParOldGen       total 118784K, used 57520K [0x0000000085200000, 0x000000008c600000, 0x00000000d7100000)
  object space 118784K, 48% used [0x0000000085200000,0x0000000088a2c118,0x000000008c600000)
 Metaspace       used 42908K, capacity 45262K, committed 45480K, reserved 1089536K
  class space    used 4854K, capacity 5479K, committed 5552K, reserved 1048576K
}
Event: 31,964 GC heap before
{Heap before GC invocations=24 (full 2):
 PSYoungGen      total 642560K, used 642550K [0x00000000d7100000, 0x0000000100000000, 0x0000000100000000)
  eden space 614400K, 100% used [0x00000000d7100000,0x00000000fc900000,0x00000000fc900000)
  from space 28160K, 99% used [0x00000000fc900000,0x00000000fe47d878,0x00000000fe480000)
  to   space 28160K, 0% used [0x00000000fe480000,0x00000000fe480000,0x0000000100000000)
 ParOldGen       total 118784K, used 57520K [0x0000000085200000, 0x000000008c600000, 0x00000000d7100000)
  object space 118784K, 48% used [0x0000000085200000,0x0000000088a2c118,0x000000008c600000)
 Metaspace       used 43225K, capacity 45582K, committed 45736K, reserved 1089536K
  class space    used 4892K, capacity 5543K, committed 5552K, reserved 1048576K
Event: 32,006 GC heap after
Heap after GC invocations=24 (full 2):
 PSYoungGen      total 629248K, used 5073K [0x00000000d7100000, 0x0000000100000000, 0x0000000100000000)
  eden space 601088K, 0% used [0x00000000d7100000,0x00000000d7100000,0x00000000fbc00000)
  from space 28160K, 18% used [0x00000000fe480000,0x00000000fe974718,0x0000000100000000)
  to   space 34816K, 0% used [0x00000000fbc00000,0x00000000fbc00000,0x00000000fde00000)
 ParOldGen       total 118784K, used 80881K [0x0000000085200000, 0x000000008c600000, 0x00000000d7100000)
  object space 118784K, 68% used [0x0000000085200000,0x000000008a0fc738,0x000000008c600000)
 Metaspace       used 43225K, capacity 45582K, committed 45736K, reserved 1089536K
  class space    used 4892K, capacity 5543K, committed 5552K, reserved 1048576K
}
Event: 82,370 GC heap before
{Heap before GC invocations=25 (full 3):
 PSYoungGen      total 629248K, used 606161K [0x00000000d7100000, 0x0000000100000000, 0x0000000100000000)
  eden space 601088K, 100% used [0x00000000d7100000,0x00000000fbc00000,0x00000000fbc00000)
  from space 28160K, 18% used [0x00000000fe480000,0x00000000fe974718,0x0000000100000000)
  to   space 34816K, 0% used [0x00000000fbc00000,0x00000000fbc00000,0x00000000fde00000)
 ParOldGen       total 118784K, used 114437K [0x0000000085200000, 0x000000008c600000, 0x00000000d7100000)
  object space 118784K, 96% used [0x0000000085200000,0x000000008c1c1770,0x000000008c600000)
 Metaspace       used 43328K, capacity 45658K, committed 45992K, reserved 1089536K
  class space    used 4896K, capacity 5545K, committed 5552K, reserved 1048576K

